0 info it worked if it ends with ok
1 verbose cli [ 'node', '/usr/local/bin/npm', '-g', 'install', 'weinre' ]
2 info using npm@1.4.28
3 info using node@v0.10.32
4 verbose cache add [ 'weinre', null ]
5 verbose cache add name=undefined spec="weinre" args=["weinre",null]
6 verbose parsed url { protocol: null,
6 verbose parsed url   slashes: null,
6 verbose parsed url   auth: null,
6 verbose parsed url   host: null,
6 verbose parsed url   port: null,
6 verbose parsed url   hostname: null,
6 verbose parsed url   hash: null,
6 verbose parsed url   search: null,
6 verbose parsed url   query: null,
6 verbose parsed url   pathname: 'weinre',
6 verbose parsed url   path: 'weinre',
6 verbose parsed url   href: 'weinre' }
7 silly lockFile 752ed9cc-weinre weinre
8 verbose lock weinre /Users/iamdoo2/.npm/752ed9cc-weinre.lock
9 silly lockFile 752ed9cc-weinre weinre
10 silly lockFile 752ed9cc-weinre weinre
11 verbose addNamed [ 'weinre', '' ]
12 verbose addNamed [ null, '*' ]
13 silly lockFile c2e6926c-weinre weinre@
14 verbose lock weinre@ /Users/iamdoo2/.npm/c2e6926c-weinre.lock
15 silly addNameRange { name: 'weinre', range: '*', hasData: false }
16 verbose request where is /weinre
17 verbose request registry https://registry.npmjs.org/
18 verbose request id 3c133d65e87f919e
19 verbose url raw /weinre
20 verbose url resolving [ 'https://registry.npmjs.org/', './weinre' ]
21 verbose url resolved https://registry.npmjs.org/weinre
22 verbose request where is https://registry.npmjs.org/weinre
23 info trying registry request attempt 1 at 00:14:01
24 http GET https://registry.npmjs.org/weinre
25 http 200 https://registry.npmjs.org/weinre
26 silly registry.get cb [ 200,
26 silly registry.get   { date: 'Sun, 12 Oct 2014 15:14:07 GMT',
26 silly registry.get     server: 'CouchDB/1.5.0 (Erlang OTP/R16B03)',
26 silly registry.get     etag: '"9XT62H4N5H81NIHQZTRXQU71Z"',
26 silly registry.get     'content-type': 'application/json',
26 silly registry.get     'cache-control': 'max-age=60',
26 silly registry.get     'content-length': '18684',
26 silly registry.get     'accept-ranges': 'bytes',
26 silly registry.get     via: '1.1 varnish',
26 silly registry.get     age: '0',
26 silly registry.get     'x-served-by': 'cache-ty66-TYO',
26 silly registry.get     'x-cache': 'MISS',
26 silly registry.get     'x-cache-hits': '0',
26 silly registry.get     'x-timer': 'S1413126847.464478,VS0,VE342',
26 silly registry.get     vary: 'Accept',
26 silly registry.get     'keep-alive': 'timeout=10, max=50',
26 silly registry.get     connection: 'Keep-Alive' } ]
27 silly addNameRange number 2 { name: 'weinre', range: '*', hasData: true }
28 silly addNameRange versions [ 'weinre',
28 silly addNameRange   [ '2.0.0-pre-H0WTHDO5-incubating',
28 silly addNameRange     '2.0.0-pre-H1GCS73N-incubating',
28 silly addNameRange     '2.0.0-pre-H3FWTQKQ-incubating',
28 silly addNameRange     '2.0.0-pre-H41DGW8S-incubating',
28 silly addNameRange     '2.0.0-pre-H8EOSCLN-incubating',
28 silly addNameRange     '2.0.0-pre-H9PU2WST-incubating',
28 silly addNameRange     '2.0.0-pre-HA5N9T49',
28 silly addNameRange     '2.0.0-pre-HG9PLCRF',
28 silly addNameRange     '2.0.0-pre-HH0SN197',
28 silly addNameRange     '2.0.0-pre-HYFXM3QM',
28 silly addNameRange     '2.0.0-pre-HZ79PDUK',
28 silly addNameRange     '2.0.0-pre-HZO3BMNG',
28 silly addNameRange     '2.0.0-pre-I0Z7U9OV' ] ]
29 verbose addNamed [ 'weinre', '2.0.0-pre-I0Z7U9OV' ]
30 verbose addNamed [ '2.0.0-pre-I0Z7U9OV', '2.0.0-pre-I0Z7U9OV' ]
31 silly lockFile faca16ef-weinre-2-0-0-pre-I0Z7U9OV weinre@2.0.0-pre-I0Z7U9OV
32 verbose lock weinre@2.0.0-pre-I0Z7U9OV /Users/iamdoo2/.npm/faca16ef-weinre-2-0-0-pre-I0Z7U9OV.lock
33 silly lockFile 549302ef-re-weinre-2-0-0-pre-I0Z7U9OV-tgz https://registry.npmjs.org/weinre/-/weinre-2.0.0-pre-I0Z7U9OV.tgz
34 verbose lock https://registry.npmjs.org/weinre/-/weinre-2.0.0-pre-I0Z7U9OV.tgz /Users/iamdoo2/.npm/549302ef-re-weinre-2-0-0-pre-I0Z7U9OV-tgz.lock
35 verbose addRemoteTarball [ 'https://registry.npmjs.org/weinre/-/weinre-2.0.0-pre-I0Z7U9OV.tgz',
35 verbose addRemoteTarball   'fef8aa223921f7b40bbbbd4c3ed4302f6fd0a813' ]
36 info retry fetch attempt 1 at 00:14:01
37 verbose fetch to= /var/folders/r0/q8c0ptlj1d9f488v7yry8tmw0000gn/T/npm-4231-BKEYNLni/registry.npmjs.org/weinre/-/weinre-2.0.0-pre-I0Z7U9OV.tgz
38 http GET https://registry.npmjs.org/weinre/-/weinre-2.0.0-pre-I0Z7U9OV.tgz
39 http 200 https://registry.npmjs.org/weinre/-/weinre-2.0.0-pre-I0Z7U9OV.tgz
40 silly lockFile 549302ef-re-weinre-2-0-0-pre-I0Z7U9OV-tgz https://registry.npmjs.org/weinre/-/weinre-2.0.0-pre-I0Z7U9OV.tgz
41 silly lockFile 549302ef-re-weinre-2-0-0-pre-I0Z7U9OV-tgz https://registry.npmjs.org/weinre/-/weinre-2.0.0-pre-I0Z7U9OV.tgz
42 silly lockFile faca16ef-weinre-2-0-0-pre-I0Z7U9OV weinre@2.0.0-pre-I0Z7U9OV
43 silly lockFile faca16ef-weinre-2-0-0-pre-I0Z7U9OV weinre@2.0.0-pre-I0Z7U9OV
44 silly lockFile c2e6926c-weinre weinre@
45 silly lockFile c2e6926c-weinre weinre@
46 silly resolved [ { name: 'weinre',
46 silly resolved     description: 'WEb INspector REmote',
46 silly resolved     author: { name: 'apache.org' },
46 silly resolved     version: '2.0.0-pre-I0Z7U9OV',
46 silly resolved     tags: [ 'debug' ],
46 silly resolved     licenses: [ [Object] ],
46 silly resolved     engines: { node: '>=0.6.0' },
46 silly resolved     directories: { lib: './lib' },
46 silly resolved     dependencies: { express: '2.5.x', nopt: '3.0.x', underscore: '1.7.x' },
46 silly resolved     devDependencies: { 'coffee-script': '1.8.x' },
46 silly resolved     main: './lib/weinre',
46 silly resolved     bin: { weinre: './weinre' },
46 silly resolved     homepage: 'http://people.apache.org/~pmuellr/weinre/',
46 silly resolved     bugs: { url: 'https://issues.apache.org/jira/secure/IssueNavigator!executeAdvanced.jspa?jqlQuery=project%3DCB+and+component%3Dweinre&runQuery=true&clear=true' },
46 silly resolved     repository:
46 silly resolved      { type: 'git',
46 silly resolved        url: 'https://git-wip-us.apache.org/repos/asf/cordova-weinre.git' },
46 silly resolved     _id: 'weinre@2.0.0-pre-I0Z7U9OV',
46 silly resolved     scripts: {},
46 silly resolved     _shasum: 'fef8aa223921f7b40bbbbd4c3ed4302f6fd0a813',
46 silly resolved     _from: 'weinre@',
46 silly resolved     _npmVersion: '2.1.2',
46 silly resolved     _nodeVersion: '0.10.31',
46 silly resolved     _npmUser: { name: 'pmuellr', email: 'pmuellr@apache.org' },
46 silly resolved     maintainers: [ [Object] ],
46 silly resolved     dist:
46 silly resolved      { shasum: 'fef8aa223921f7b40bbbbd4c3ed4302f6fd0a813',
46 silly resolved        tarball: 'http://registry.npmjs.org/weinre/-/weinre-2.0.0-pre-I0Z7U9OV.tgz' },
46 silly resolved     _resolved: 'https://registry.npmjs.org/weinre/-/weinre-2.0.0-pre-I0Z7U9OV.tgz' } ]
47 info install weinre@2.0.0-pre-I0Z7U9OV into /usr/local/lib
48 info installOne weinre@2.0.0-pre-I0Z7U9OV
49 verbose lib/node_modules/weinre unbuild
50 verbose tar unpack /Users/iamdoo2/.npm/weinre/2.0.0-pre-I0Z7U9OV/package.tgz
51 silly lockFile 2bb53c29-sr-local-lib-node-modules-weinre tar:///usr/local/lib/node_modules/weinre
52 verbose lock tar:///usr/local/lib/node_modules/weinre /Users/iamdoo2/.npm/2bb53c29-sr-local-lib-node-modules-weinre.lock
53 silly lockFile 7e050afc-e-2-0-0-pre-I0Z7U9OV-package-tgz tar:///Users/iamdoo2/.npm/weinre/2.0.0-pre-I0Z7U9OV/package.tgz
54 verbose lock tar:///Users/iamdoo2/.npm/weinre/2.0.0-pre-I0Z7U9OV/package.tgz /Users/iamdoo2/.npm/7e050afc-e-2-0-0-pre-I0Z7U9OV-package-tgz.lock
55 silly gunzTarPerm modes [ '755', '644' ]
56 error Error: EACCES, mkdir '/usr/local/lib/node_modules/weinre'
56 error  { [Error: EACCES, mkdir '/usr/local/lib/node_modules/weinre']
56 error   errno: 3,
56 error   code: 'EACCES',
56 error   path: '/usr/local/lib/node_modules/weinre',
56 error   fstream_type: 'Directory',
56 error   fstream_path: '/usr/local/lib/node_modules/weinre',
56 error   fstream_class: 'DirWriter',
56 error   fstream_stack:
56 error    [ '/usr/local/lib/node_modules/npm/node_modules/fstream/lib/dir-writer.js:36:23',
56 error      '/usr/local/lib/node_modules/npm/node_modules/mkdirp/index.js:46:53',
56 error      'Object.oncomplete (fs.js:107:15)' ] }
57 error Please try running this command again as root/Administrator.
58 error System Darwin 13.3.0
59 error command "node" "/usr/local/bin/npm" "-g" "install" "weinre"
60 error cwd /Users/iamdoo2/my-app
61 error node -v v0.10.32
62 error npm -v 1.4.28
63 error path /usr/local/lib/node_modules/weinre
64 error fstream_path /usr/local/lib/node_modules/weinre
65 error fstream_type Directory
66 error fstream_class DirWriter
67 error code EACCES
68 error errno 3
69 error stack Error: EACCES, mkdir '/usr/local/lib/node_modules/weinre'
70 error fstream_stack /usr/local/lib/node_modules/npm/node_modules/fstream/lib/dir-writer.js:36:23
70 error fstream_stack /usr/local/lib/node_modules/npm/node_modules/mkdirp/index.js:46:53
70 error fstream_stack Object.oncomplete (fs.js:107:15)
71 verbose exit [ 3, true ]
